24-01-2023 07:37:55 - logg - INFO - <module> - Help
24-01-2023 07:37:55 - logg - WARNING - <module> - Help
24-01-2023 07:37:55 - logg - ERROR - <module> - Help
24-01-2023 07:37:55 - logg - DEBUG - <module> - Help
24-01-2023 07:38:10 - logg - INFO - <module> - Help
24-01-2023 07:38:10 - logg - WARNING - <module> - Help
24-01-2023 07:38:10 - logg - ERROR - <module> - Help
24-01-2023 07:38:10 - logg - DEBUG - <module> - Help
24-01-2023 07:40:28 - logg - INFO - <module> - Help
24-01-2023 07:40:28 - logg - WARNING - <module> - Help
24-01-2023 07:40:28 - logg - ERROR - <module> - Help
24-01-2023 07:40:28 - logg - DEBUG - <module> - Help
24-01-2023 20:11:07 - logg - INFO - <module> - Help
24-01-2023 20:11:07 - logg - WARNING - <module> - Help
24-01-2023 20:11:07 - logg - ERROR - <module> - Help
24-01-2023 20:11:07 - logg - DEBUG - <module> - Help
24-01-2023 20:11:07 - user_interface - INFO - start_menu - selection menu is rational or complex
24-01-2023 20:11:10 - user_interface - INFO - start_menu - Stop program
24-01-2023 20:14:00 - logg - INFO - <module> - Help
24-01-2023 20:14:00 - logg - WARNING - <module> - Help
24-01-2023 20:14:00 - logg - ERROR - <module> - Help
24-01-2023 20:14:00 - logg - DEBUG - <module> - Help
24-01-2023 20:14:18 - logg - INFO - <module> - Help
24-01-2023 20:14:18 - logg - WARNING - <module> - Help
24-01-2023 20:14:18 - logg - ERROR - <module> - Help
24-01-2023 20:14:18 - logg - DEBUG - <module> - Help
24-01-2023 20:14:51 - logg - INFO - <module> - Help
24-01-2023 20:14:51 - logg - WARNING - <module> - Help
24-01-2023 20:14:51 - logg - ERROR - <module> - Help
24-01-2023 20:14:51 - logg - DEBUG - <module> - Help
24-01-2023 20:14:51 - user_interface - INFO - start_menu - selection menu is rational or complex
24-01-2023 20:14:55 - user_interface - INFO - start_menu - Choosing the type of numbers
24-01-2023 20:14:55 - user_interface - INFO - menu_calc - rational numbers are selected
24-01-2023 20:14:57 - user_interface - INFO - menu_calc - operation division
24-01-2023 20:15:02 - user_interface - INFO - menu_calc - check division by zero
24-01-2023 20:15:02 - check_mod - ERROR - check_div_zero - division by zero
24-01-2023 20:15:06 - user_interface - INFO - menu_calc - rational numbers are selected
24-01-2023 20:15:16 - user_interface - INFO - menu_calc - operation division
24-01-2023 20:15:20 - user_interface - INFO - menu_calc - check division by zero
24-01-2023 20:15:25 - user_interface - INFO - menu_calc - rational numbers are selected
24-01-2023 20:16:23 - user_interface - INFO - menu_calc - stop operation
24-01-2023 20:16:23 - user_interface - INFO - start_menu - selection menu is rational or complex
24-01-2023 20:16:25 - user_interface - INFO - start_menu - Stop program
24-01-2023 20:34:58 - user_interface - INFO - start_menu - selection menu is rational or complex
24-01-2023 20:35:04 - user_interface - INFO - start_menu - Choosing the type of numbers
24-01-2023 20:35:04 - user_interface - INFO - menu_calc - rational numbers are selected
24-01-2023 20:35:10 - user_interface - INFO - menu_calc - operation subtraction
24-01-2023 20:35:17 - user_interface - INFO - menu_calc - rational numbers are selected
24-01-2023 20:35:23 - user_interface - INFO - menu_calc - stop operation
24-01-2023 20:35:23 - user_interface - INFO - start_menu - selection menu is rational or complex
24-01-2023 20:35:26 - user_interface - INFO - start_menu - Stop program
24-01-2023 20:36:05 - user_interface - INFO - start_menu - selection menu is rational or complex
24-01-2023 20:36:10 - user_interface - INFO - start_menu - Choosing the type of numbers
24-01-2023 20:36:10 - user_interface - INFO - menu_calc - rational numbers are selected
24-01-2023 20:36:12 - user_interface - INFO - menu_calc - stop operation
24-01-2023 20:36:12 - user_interface - INFO - start_menu - selection menu is rational or complex
24-01-2023 20:36:15 - user_interface - INFO - start_menu - Stop program
24-01-2023 20:37:26 - user_interface - INFO - start_menu - selection menu is rational or complex
24-01-2023 20:37:32 - user_interface - INFO - start_menu - Stop program
24-01-2023 20:38:19 - user_interface - INFO - start_menu - Start program
24-01-2023 20:38:19 - user_interface - INFO - start_menu - selection menu is rational or complex
24-01-2023 20:38:26 - user_interface - INFO - start_menu - Stop program
24-01-2023 20:40:43 - user_interface - INFO - start_menu - Start program
24-01-2023 20:40:43 - user_interface - INFO - start_menu - selection menu is rational or complex
24-01-2023 20:40:48 - user_interface - INFO - start_menu - Choosing the type of numbers
24-01-2023 20:40:48 - user_interface - INFO - menu_calc - Start program
24-01-2023 20:40:48 - user_interface - INFO - menu_calc - rational numbers are selected
24-01-2023 20:40:53 - user_interface - INFO - menu_calc - stop operation
24-01-2023 20:40:53 - user_interface - INFO - start_menu - Start program
24-01-2023 20:40:53 - user_interface - INFO - start_menu - selection menu is rational or complex
24-01-2023 20:40:55 - user_interface - INFO - start_menu - Stop program
